TN:
SF:src/App.vue
FN:1,(empty-report)
FNF:1
FNH:0
FNDA:0,(empty-report)
DA:1,0
DA:2,0
DA:3,0
DA:4,0
DA:5,0
DA:6,0
DA:7,0
DA:8,0
DA:9,0
DA:10,0
DA:11,0
DA:12,0
DA:13,0
DA:14,0
DA:15,0
DA:16,0
DA:17,0
DA:18,0
DA:19,0
DA:20,0
DA:21,0
DA:22,0
DA:23,0
DA:24,0
DA:25,0
DA:26,0
DA:27,0
DA:28,0
LF:28
LH:0
BRDA:1,0,0,0
BRF:1
BRH:0
end_of_record
TN:
SF:src/views/AllProfilesView.vue
FN:29,setup
FN:33,beforeMount
FN:36,data
FN:42,get_profiles
FN:80,delete_profile
FN:120,view_budgets
FNF:6
FNH:4
FNDA:1,setup
FNDA:1,beforeMount
FNDA:1,data
FNDA:1,get_profiles
FNDA:0,delete_profile
FNDA:0,view_budgets
DA:1,1
DA:2,1
DA:3,1
DA:4,1
DA:5,1
DA:6,1
DA:7,1
DA:8,1
DA:9,1
DA:10,1
DA:11,1
DA:12,1
DA:13,1
DA:14,1
DA:15,1
DA:16,1
DA:17,1
DA:18,1
DA:19,1
DA:20,1
DA:21,1
DA:22,1
DA:23,1
DA:24,1
DA:25,1
DA:26,1
DA:27,1
DA:28,1
DA:29,1
DA:30,1
DA:31,1
DA:32,1
DA:33,1
DA:34,1
DA:35,1
DA:36,1
DA:37,1
DA:38,1
DA:39,1
DA:40,1
DA:41,1
DA:42,1
DA:43,1
DA:44,1
DA:45,1
DA:46,1
DA:47,1
DA:48,0
DA:49,0
DA:50,0
DA:51,0
DA:52,0
DA:53,0
DA:54,0
DA:55,0
DA:56,0
DA:57,0
DA:58,0
DA:59,0
DA:60,0
DA:61,0
DA:62,0
DA:63,0
DA:64,0
DA:65,0
DA:66,0
DA:67,0
DA:68,0
DA:69,0
DA:70,0
DA:71,0
DA:72,0
DA:73,0
DA:74,0
DA:75,0
DA:76,0
DA:77,0
DA:78,0
DA:79,1
DA:80,1
DA:81,0
DA:82,0
DA:83,0
DA:84,0
DA:85,0
DA:86,0
DA:87,0
DA:88,0
DA:89,0
DA:90,0
DA:91,0
DA:92,0
DA:93,0
DA:94,0
DA:95,0
DA:96,0
DA:97,0
DA:98,0
DA:99,0
DA:100,0
DA:101,0
DA:102,0
DA:103,0
DA:104,0
DA:105,0
DA:106,0
DA:107,0
DA:108,0
DA:109,0
DA:110,0
DA:111,0
DA:112,0
DA:113,0
DA:114,0
DA:115,0
DA:116,0
DA:117,0
DA:118,0
DA:119,1
DA:120,1
DA:121,0
DA:122,0
DA:123,1
DA:124,1
DA:125,1
DA:126,1
DA:127,1
DA:128,1
DA:129,1
LF:129
LH:58
BRDA:29,0,0,1
BRDA:33,1,0,1
BRDA:36,2,0,1
BRDA:42,3,0,1
BRDA:47,4,0,0
BRF:5
BRH:4
end_of_record
TN:
SF:src/views/BudgetView.vue
FN:52,setup
FN:56,beforeMount
FN:59,data
FN:69,get_budget
FN:129,delete_budget
FN:169,add_new_member
FN:226,delete_member
FNF:7
FNH:7
FNDA:20,setup
FNDA:20,beforeMount
FNDA:20,data
FNDA:20,get_budget
FNDA:4,delete_budget
FNDA:7,add_new_member
FNDA:5,delete_member
DA:1,1
DA:2,1
DA:3,1
DA:4,1
DA:5,1
DA:6,1
DA:7,1
DA:8,1
DA:9,1
DA:10,1
DA:11,1
DA:12,1
DA:13,1
DA:14,1
DA:15,1
DA:16,1
DA:17,1
DA:18,1
DA:19,1
DA:20,1
DA:21,1
DA:22,1
DA:23,1
DA:24,1
DA:25,1
DA:26,1
DA:27,1
DA:28,1
DA:29,1
DA:30,1
DA:31,1
DA:32,1
DA:33,1
DA:34,1
DA:35,1
DA:36,1
DA:37,1
DA:38,1
DA:39,1
DA:40,1
DA:41,1
DA:42,1
DA:43,1
DA:44,1
DA:45,1
DA:46,1
DA:47,1
DA:48,1
DA:49,1
DA:50,1
DA:51,1
DA:52,1
DA:53,20
DA:54,20
DA:55,1
DA:56,1
DA:57,20
DA:58,1
DA:59,1
DA:60,20
DA:61,20
DA:62,20
DA:63,20
DA:64,20
DA:65,20
DA:66,20
DA:67,1
DA:68,1
DA:69,1
DA:70,20
DA:71,4
DA:72,4
DA:73,4
DA:74,4
DA:75,16
DA:76,16
DA:77,16
DA:78,20
DA:79,12
DA:80,12
DA:81,20
DA:82,1
DA:83,1
DA:84,1
DA:85,1
DA:86,15
DA:87,15
DA:88,15
DA:89,15
DA:90,15
DA:91,15
DA:92,15
DA:93,15
DA:94,15
DA:95,0
DA:96,0
DA:97,0
DA:98,0
DA:99,0
DA:100,0
DA:101,15
DA:102,15
DA:103,15
DA:104,15
DA:105,15
DA:106,15
DA:107,15
DA:108,15
DA:109,15
DA:110,15
DA:111,15
DA:112,0
DA:113,0
DA:114,0
DA:115,0
DA:116,15
DA:117,15
DA:118,15
DA:119,15
DA:120,15
DA:121,15
DA:122,15
DA:123,15
DA:124,15
DA:125,15
DA:126,15
DA:127,15
DA:128,1
DA:129,1
DA:130,4
DA:131,1
DA:132,1
DA:133,1
DA:134,1
DA:135,3
DA:136,3
DA:137,3
DA:138,4
DA:139,1
DA:140,1
DA:141,1
DA:142,2
DA:143,2
DA:144,2
DA:145,2
DA:146,2
DA:147,2
DA:148,2
DA:149,2
DA:150,2
DA:151,2
DA:152,2
DA:153,2
DA:154,0
DA:155,0
DA:156,0
DA:157,0
DA:158,0
DA:159,0
DA:160,0
DA:161,0
DA:162,0
DA:163,0
DA:164,0
DA:165,0
DA:166,0
DA:167,2
DA:168,1
DA:169,1
DA:170,7
DA:171,1
DA:172,1
DA:173,1
DA:174,1
DA:175,6
DA:176,6
DA:177,6
DA:178,6
DA:179,7
DA:180,1
DA:181,1
DA:182,1
DA:183,5
DA:184,7
DA:185,4
DA:186,4
DA:187,4
DA:188,1
DA:189,1
DA:190,1
DA:191,1
DA:192,1
DA:193,1
DA:194,1
DA:195,1
DA:196,1
DA:197,1
DA:198,1
DA:199,1
DA:200,1
DA:201,1
DA:202,1
DA:203,1
DA:204,1
DA:205,1
DA:206,1
DA:207,1
DA:208,1
DA:209,1
DA:210,1
DA:211,1
DA:212,1
DA:213,1
DA:214,1
DA:215,0
DA:216,1
DA:217,0
DA:218,1
DA:219,1
DA:220,1
DA:221,1
DA:222,1
DA:223,1
DA:224,1
DA:225,1
DA:226,1
DA:227,5
DA:228,5
DA:229,1
DA:230,1
DA:231,1
DA:232,1
DA:233,4
DA:234,4
DA:235,4
DA:236,4
DA:237,4
DA:238,5
DA:239,1
DA:240,1
DA:241,1
DA:242,3
DA:243,3
DA:244,3
DA:245,3
DA:246,3
DA:247,3
DA:248,3
DA:249,3
DA:250,3
DA:251,3
DA:252,3
DA:253,3
DA:254,3
DA:255,3
DA:256,1
DA:257,1
DA:258,1
DA:259,3
DA:260,0
DA:261,0
DA:262,0
DA:263,3
DA:264,0
DA:265,0
DA:266,0
DA:267,0
DA:268,3
DA:269,0
DA:270,0
DA:271,0
DA:272,0
DA:273,0
DA:274,0
DA:275,3
DA:276,3
DA:277,3
DA:278,3
DA:279,3
DA:280,3
DA:281,1
DA:282,1
DA:283,1
DA:284,1
DA:285,1
DA:286,1
DA:287,1
LF:287
LH:249
BRDA:52,0,0,20
BRDA:56,1,0,20
BRDA:59,2,0,20
BRDA:69,3,0,20
BRDA:70,4,0,4
BRDA:74,5,0,16
BRDA:78,6,0,12
BRDA:81,7,0,1
BRDA:85,8,0,15
BRDA:92,9,0,15
BRDA:101,10,0,15
BRDA:129,11,0,4
BRDA:130,12,0,1
BRDA:134,13,0,3
BRDA:138,14,0,1
BRDA:141,15,0,2
BRDA:149,16,0,2
BRDA:154,17,0,0
BRDA:169,18,0,7
BRDA:170,19,0,1
BRDA:174,20,0,6
BRDA:179,21,0,1
BRDA:182,22,0,5
BRDA:184,23,0,4
BRDA:187,24,0,1
BRDA:198,25,0,1
BRDA:226,26,0,5
BRDA:228,27,0,1
BRDA:232,28,0,4
BRDA:238,29,0,1
BRDA:241,30,0,3
BRDA:254,31,0,3
BRDA:255,32,0,1
BRDA:259,33,0,0
BRDA:263,34,0,0
BRDA:268,35,0,0
BRF:36
BRH:32
end_of_record
TN:
SF:src/views/BudgetsView.vue
FN:38,setup
FN:42,beforeMount
FN:45,data
FN:52,get_budgets
FN:99,view_budget
FN:102,create_family_budget
FNF:6
FNH:4
FNDA:1,setup
FNDA:1,beforeMount
FNDA:1,data
FNDA:1,get_budgets
FNDA:0,view_budget
FNDA:0,create_family_budget
DA:1,1
DA:2,1
DA:3,1
DA:4,1
DA:5,1
DA:6,1
DA:7,1
DA:8,1
DA:9,1
DA:10,1
DA:11,1
DA:12,1
DA:13,1
DA:14,1
DA:15,1
DA:16,1
DA:17,1
DA:18,1
DA:19,1
DA:20,1
DA:21,1
DA:22,1
DA:23,1
DA:24,1
DA:25,1
DA:26,1
DA:27,1
DA:28,1
DA:29,1
DA:30,1
DA:31,1
DA:32,1
DA:33,1
DA:34,1
DA:35,1
DA:36,1
DA:37,1
DA:38,1
DA:39,1
DA:40,1
DA:41,1
DA:42,1
DA:43,1
DA:44,1
DA:45,1
DA:46,1
DA:47,1
DA:48,1
DA:49,1
DA:50,1
DA:51,1
DA:52,1
DA:53,1
DA:54,1
DA:55,1
DA:56,1
DA:57,1
DA:58,0
DA:59,0
DA:60,0
DA:61,0
DA:62,0
DA:63,0
DA:64,0
DA:65,0
DA:66,0
DA:67,0
DA:68,0
DA:69,0
DA:70,0
DA:71,0
DA:72,0
DA:73,0
DA:74,0
DA:75,0
DA:76,0
DA:77,0
DA:78,0
DA:79,0
DA:80,0
DA:81,0
DA:82,0
DA:83,0
DA:84,0
DA:85,0
DA:86,0
DA:87,0
DA:88,0
DA:89,0
DA:90,0
DA:91,0
DA:92,0
DA:93,0
DA:94,0
DA:95,0
DA:96,0
DA:97,0
DA:98,1
DA:99,1
DA:100,0
DA:101,1
DA:102,1
DA:103,0
DA:104,0
DA:105,0
DA:106,0
DA:107,0
DA:108,0
DA:109,0
DA:110,0
DA:111,0
DA:112,0
DA:113,0
DA:114,0
DA:115,0
DA:116,0
DA:117,0
DA:118,0
DA:119,0
DA:120,0
DA:121,0
DA:122,0
DA:123,0
DA:124,0
DA:125,0
DA:126,0
DA:127,0
DA:128,0
DA:129,0
DA:130,0
DA:131,0
DA:132,0
DA:133,0
DA:134,0
DA:135,1
DA:136,1
DA:137,1
DA:138,1
DA:139,1
DA:140,1
DA:141,1
LF:141
LH:68
BRDA:38,0,0,1
BRDA:42,1,0,1
BRDA:45,2,0,1
BRDA:52,3,0,1
BRDA:57,4,0,0
BRF:5
BRH:4
end_of_record
TN:
SF:src/views/ErrorView.vue
FNF:0
FNH:0
DA:1,1
DA:2,1
DA:3,1
DA:4,1
DA:5,1
DA:6,1
DA:7,1
DA:8,1
DA:9,1
DA:10,1
DA:11,1
DA:12,1
LF:12
LH:12
BRF:0
BRH:0
end_of_record
TN:
SF:src/views/LoginView.vue
FN:25,setup
FN:29,beforeMount
FN:35,data
FN:42,send_login
FNF:4
FNH:4
FNDA:8,setup
FNDA:8,beforeMount
FNDA:8,data
FNDA:7,send_login
DA:1,1
DA:2,1
DA:3,1
DA:4,1
DA:5,1
DA:6,1
DA:7,1
DA:8,1
DA:9,1
DA:10,1
DA:11,1
DA:12,1
DA:13,1
DA:14,1
DA:15,1
DA:16,1
DA:17,1
DA:18,1
DA:19,1
DA:20,1
DA:21,1
DA:22,1
DA:23,1
DA:24,1
DA:25,1
DA:26,8
DA:27,8
DA:28,1
DA:29,1
DA:30,8
DA:31,1
DA:32,1
DA:33,1
DA:34,1
DA:35,1
DA:36,8
DA:37,8
DA:38,8
DA:39,8
DA:40,1
DA:41,1
DA:42,1
DA:43,7
DA:44,7
DA:45,1
DA:46,1
DA:47,7
DA:48,2
DA:49,2
DA:50,7
DA:51,2
DA:52,2
DA:53,5
DA:54,5
DA:55,5
DA:56,5
DA:57,5
DA:58,5
DA:59,5
DA:60,5
DA:61,5
DA:62,5
DA:63,5
DA:64,5
DA:65,5
DA:66,4
DA:67,4
DA:68,1
DA:69,1
DA:70,3
DA:71,1
DA:72,1
DA:73,2
DA:74,2
DA:75,2
DA:76,2
DA:77,2
DA:78,2
DA:79,2
DA:80,2
DA:81,2
DA:82,2
DA:83,2
DA:84,2
DA:85,2
DA:86,2
DA:87,2
DA:88,2
DA:89,2
DA:90,2
DA:91,2
DA:92,2
DA:93,5
DA:94,1
DA:95,5
DA:96,5
DA:97,1
DA:98,1
DA:99,1
DA:100,1
DA:101,1
DA:102,1
DA:103,1
LF:103
LH:103
BRDA:25,0,0,8
BRDA:29,1,0,8
BRDA:30,2,0,1
BRDA:35,3,0,8
BRDA:42,4,0,7
BRDA:44,5,0,6
BRDA:44,6,0,1
BRDA:47,7,0,2
BRDA:50,8,0,2
BRDA:52,9,0,5
BRDA:65,10,0,4
BRDA:67,11,0,1
BRDA:70,12,0,3
BRDA:70,13,0,1
BRDA:73,14,0,2
BRDA:74,15,0,2
BRDA:79,16,0,2
BRDA:93,17,0,1
BRF:18
BRH:18
end_of_record
TN:
SF:src/views/ProfileView.vue
FN:41,setup
FN:45,beforeMount
FN:48,data
FN:58,get_profile_info
FN:95,send_profile_info
FN:172,logout
FN:176,delete_account
FNF:7
FNH:4
FNDA:1,setup
FNDA:1,beforeMount
FNDA:1,data
FNDA:1,get_profile_info
FNDA:0,send_profile_info
FNDA:0,logout
FNDA:0,delete_account
DA:1,1
DA:2,1
DA:3,1
DA:4,1
DA:5,1
DA:6,1
DA:7,1
DA:8,1
DA:9,1
DA:10,1
DA:11,1
DA:12,1
DA:13,1
DA:14,1
DA:15,1
DA:16,1
DA:17,1
DA:18,1
DA:19,1
DA:20,1
DA:21,1
DA:22,1
DA:23,1
DA:24,1
DA:25,1
DA:26,1
DA:27,1
DA:28,1
DA:29,1
DA:30,1
DA:31,1
DA:32,1
DA:33,1
DA:34,1
DA:35,1
DA:36,1
DA:37,1
DA:38,1
DA:39,1
DA:40,1
DA:41,1
DA:42,1
DA:43,1
DA:44,1
DA:45,1
DA:46,1
DA:47,1
DA:48,1
DA:49,1
DA:50,1
DA:51,1
DA:52,1
DA:53,1
DA:54,1
DA:55,1
DA:56,1
DA:57,1
DA:58,1
DA:59,1
DA:60,1
DA:61,1
DA:62,1
DA:63,1
DA:64,0
DA:65,0
DA:66,0
DA:67,0
DA:68,0
DA:69,0
DA:70,0
DA:71,0
DA:72,0
DA:73,0
DA:74,0
DA:75,0
DA:76,0
DA:77,0
DA:78,0
DA:79,0
DA:80,0
DA:81,0
DA:82,0
DA:83,0
DA:84,0
DA:85,0
DA:86,0
DA:87,0
DA:88,0
DA:89,0
DA:90,0
DA:91,0
DA:92,0
DA:93,0
DA:94,1
DA:95,1
DA:96,0
DA:97,0
DA:98,0
DA:99,0
DA:100,0
DA:101,0
DA:102,0
DA:103,0
DA:104,0
DA:105,0
DA:106,0
DA:107,0
DA:108,0
DA:109,0
DA:110,0
DA:111,0
DA:112,0
DA:113,0
DA:114,0
DA:115,0
DA:116,0
DA:117,0
DA:118,0
DA:119,0
DA:120,0
DA:121,0
DA:122,0
DA:123,0
DA:124,0
DA:125,0
DA:126,0
DA:127,0
DA:128,0
DA:129,0
DA:130,0
DA:131,0
DA:132,0
DA:133,0
DA:134,0
DA:135,0
DA:136,0
DA:137,0
DA:138,0
DA:139,0
DA:140,0
DA:141,0
DA:142,0
DA:143,0
DA:144,0
DA:145,0
DA:146,0
DA:147,0
DA:148,0
DA:149,0
DA:150,0
DA:151,0
DA:152,0
DA:153,0
DA:154,0
DA:155,0
DA:156,0
DA:157,0
DA:158,0
DA:159,0
DA:160,0
DA:161,0
DA:162,0
DA:163,0
DA:164,0
DA:165,0
DA:166,0
DA:167,0
DA:168,0
DA:169,0
DA:170,0
DA:171,1
DA:172,1
DA:173,0
DA:174,0
DA:175,1
DA:176,1
DA:177,0
DA:178,0
DA:179,0
DA:180,0
DA:181,0
DA:182,0
DA:183,0
DA:184,0
DA:185,0
DA:186,0
DA:187,0
DA:188,0
DA:189,0
DA:190,0
DA:191,0
DA:192,0
DA:193,0
DA:194,0
DA:195,0
DA:196,0
DA:197,0
DA:198,0
DA:199,1
DA:200,1
DA:201,1
DA:202,1
DA:203,1
DA:204,1
DA:205,1
LF:205
LH:76
BRDA:41,0,0,1
BRDA:45,1,0,1
BRDA:48,2,0,1
BRDA:58,3,0,1
BRDA:63,4,0,0
BRF:5
BRH:4
end_of_record
TN:
SF:src/views/RegisterView.vue
FN:34,setup
FN:38,beforeMount
FN:44,data
FN:54,send_register
FNF:4
FNH:4
FNDA:11,setup
FNDA:11,beforeMount
FNDA:11,data
FNDA:10,send_register
DA:1,1
DA:2,1
DA:3,1
DA:4,1
DA:5,1
DA:6,1
DA:7,1
DA:8,1
DA:9,1
DA:10,1
DA:11,1
DA:12,1
DA:13,1
DA:14,1
DA:15,1
DA:16,1
DA:17,1
DA:18,1
DA:19,1
DA:20,1
DA:21,1
DA:22,1
DA:23,1
DA:24,1
DA:25,1
DA:26,1
DA:27,1
DA:28,1
DA:29,1
DA:30,1
DA:31,1
DA:32,1
DA:33,1
DA:34,1
DA:35,11
DA:36,11
DA:37,1
DA:38,1
DA:39,11
DA:40,1
DA:41,1
DA:42,1
DA:43,1
DA:44,1
DA:45,11
DA:46,11
DA:47,11
DA:48,11
DA:49,11
DA:50,11
DA:51,11
DA:52,1
DA:53,1
DA:54,1
DA:55,10
DA:56,10
DA:57,3
DA:58,3
DA:59,3
DA:60,10
DA:61,3
DA:62,3
DA:63,3
DA:64,10
DA:65,3
DA:66,3
DA:67,3
DA:68,10
DA:69,1
DA:70,1
DA:71,1
DA:72,9
DA:73,1
DA:74,1
DA:75,1
DA:76,8
DA:77,1
DA:78,1
DA:79,1
DA:80,10
DA:81,3
DA:82,3
DA:83,7
DA:84,7
DA:85,7
DA:86,7
DA:87,7
DA:88,7
DA:89,7
DA:90,7
DA:91,7
DA:92,7
DA:93,7
DA:94,7
DA:95,7
DA:96,7
DA:97,6
DA:98,6
DA:99,1
DA:100,1
DA:101,5
DA:102,3
DA:103,2
DA:104,1
DA:105,1
DA:106,1
DA:107,3
DA:108,1
DA:109,3
DA:110,3
DA:111,2
DA:112,2
DA:113,2
DA:114,2
DA:115,2
DA:116,2
DA:117,2
DA:118,2
DA:119,2
DA:120,7
DA:121,1
DA:122,7
DA:123,7
DA:124,1
DA:125,1
DA:126,1
DA:127,1
DA:128,1
DA:129,1
DA:130,1
LF:130
LH:130
BRDA:34,0,0,11
BRDA:38,1,0,11
BRDA:39,2,0,1
BRDA:44,3,0,11
BRDA:54,4,0,10
BRDA:56,5,0,3
BRDA:60,6,0,3
BRDA:64,7,0,3
BRDA:68,8,0,1
BRDA:72,9,0,9
BRDA:72,10,0,1
BRDA:76,11,0,8
BRDA:76,12,0,1
BRDA:80,13,0,3
BRDA:82,14,0,7
BRDA:96,15,0,6
BRDA:98,16,0,1
BRDA:101,17,0,5
BRDA:101,18,0,3
BRDA:111,19,0,2
BRDA:102,20,0,2
BRDA:103,21,0,1
BRDA:107,22,0,1
BRDA:112,23,0,2
BRDA:116,24,0,2
BRDA:120,25,0,1
BRF:26
BRH:26
end_of_record
TN:
SF:src/views/TransferMoneyView.vue
FN:38,setup
FN:42,beforeMount
FN:44,data
FN:54,send_transfer_money
FNF:4
FNH:4
FNDA:2,setup
FNDA:2,beforeMount
FNDA:2,data
FNDA:2,send_transfer_money
DA:1,1
DA:2,1
DA:3,1
DA:4,1
DA:5,1
DA:6,1
DA:7,1
DA:8,1
DA:9,1
DA:10,1
DA:11,1
DA:12,1
DA:13,1
DA:14,1
DA:15,1
DA:16,1
DA:17,1
DA:18,1
DA:19,1
DA:20,1
DA:21,1
DA:22,1
DA:23,1
DA:24,1
DA:25,1
DA:26,1
DA:27,1
DA:28,1
DA:29,1
DA:30,1
DA:31,1
DA:32,1
DA:33,1
DA:34,1
DA:35,1
DA:36,1
DA:37,1
DA:38,1
DA:39,2
DA:40,2
DA:41,1
DA:42,1
DA:43,1
DA:44,1
DA:45,2
DA:46,2
DA:47,2
DA:48,2
DA:49,2
DA:50,2
DA:51,2
DA:52,1
DA:53,1
DA:54,1
DA:55,2
DA:56,1
DA:57,1
DA:58,1
DA:59,1
DA:60,1
DA:61,1
DA:62,1
DA:63,1
DA:64,1
DA:65,1
DA:66,1
DA:67,1
DA:68,1
DA:69,1
DA:70,1
DA:71,1
DA:72,1
DA:73,1
DA:74,1
DA:75,1
DA:76,1
DA:77,1
DA:78,1
DA:79,1
DA:80,1
DA:81,1
DA:82,1
DA:83,1
DA:84,1
DA:85,1
DA:86,1
DA:87,1
DA:88,1
DA:89,1
DA:90,1
DA:91,1
DA:92,1
DA:93,1
DA:94,1
DA:95,0
DA:96,0
DA:97,1
DA:98,0
DA:99,0
DA:100,1
DA:101,1
DA:102,1
DA:103,1
DA:104,1
DA:105,1
DA:106,1
DA:107,1
DA:108,1
DA:109,1
DA:110,1
DA:111,1
DA:112,1
DA:113,1
DA:114,1
DA:115,1
LF:115
LH:111
BRDA:38,0,0,2
BRDA:42,1,0,2
BRDA:44,2,0,2
BRDA:54,3,0,2
BRDA:55,4,0,1
BRDA:77,5,0,1
BRF:6
BRH:6
end_of_record
